HadeContainer:Bind
[hade:app]
isdefer: false
HadeContainer:Bind:params [0xc000412300 ]
HadeContainer:Bind:method 0x44f26a0
HadeContainer:Bind
[hade:app hade:distributed]
isdefer: false
HadeContainer:Bind:params [0xc000412300]
HadeContainer:Bind:method 0x44f33c0
HadeContainer:Bind
[demo]
isdefer: false
HadeContainer:Bind:params [0xc000412340]
HadeContainer:Bind:method 0x44efea0
HadeContainer:Bind
[hade:kernel hade:app hade:distributed]
isdefer: false
HadeContainer:Bind:params [0xc000338fc0]
HadeContainer:Bind:method 0x44f3bc0
HadeContainer:make
HadeContainer:make
HadeContainer:make
daemon started
HadeContainer:make
2022/11/16 21:48:30 <nil>
HadeContainer:make
2022/11/16 21:48:35 <nil>
HadeContainer:make
2022/11/16 21:48:40 <nil>
HadeContainer:make
2022/11/16 21:48:45 <nil>
HadeContainer:make
2022/11/16 21:48:50 <nil>
HadeContainer:make
2022/11/16 21:48:55 <nil>
HadeContainer:make
2022/11/16 21:49:00 <nil>
HadeContainer:make
2022/11/16 21:49:05 <nil>
HadeContainer:make
2022/11/16 21:49:10 <nil>
HadeContainer:make
2022/11/16 21:49:15 <nil>
HadeContainer:make
2022/11/16 21:49:20 <nil>
HadeContainer:make
2022/11/16 21:49:25 <nil>
HadeContainer:make
2022/11/16 21:49:30 <nil>
HadeContainer:make
2022/11/16 21:49:35 <nil>
HadeContainer:make
2022/11/16 21:49:40 <nil>
HadeContainer:make
2022/11/16 21:49:45 <nil>
HadeContainer:make
2022/11/16 21:49:50 <nil>
HadeContainer:make
2022/11/16 21:49:55 <nil>
HadeContainer:make
2022/11/16 21:50:00 <nil>
HadeContainer:make
2022/11/16 21:50:05 <nil>
HadeContainer:make
2022/11/16 21:50:10 <nil>
HadeContainer:make
2022/11/16 21:50:15 <nil>
HadeContainer:make
2022/11/16 21:50:20 <nil>
HadeContainer:make
2022/11/16 21:50:25 <nil>
HadeContainer:make
2022/11/16 21:50:30 <nil>
HadeContainer:make
2022/11/16 21:50:35 <nil>
HadeContainer:make
2022/11/16 21:50:40 <nil>
HadeContainer:make
2022/11/16 21:50:45 <nil>
HadeContainer:make
2022/11/16 21:50:50 <nil>
HadeContainer:make
2022/11/16 21:50:55 <nil>
HadeContainer:make
2022/11/16 21:51:00 <nil>
HadeContainer:make
2022/11/16 21:51:05 <nil>
HadeContainer:make
2022/11/16 21:51:10 <nil>
HadeContainer:make
2022/11/16 21:51:15 <nil>
HadeContainer:make
2022/11/16 21:51:20 <nil>
HadeContainer:make
2022/11/16 21:51:25 <nil>
HadeContainer:make
2022/11/16 21:51:30 <nil>
HadeContainer:make
2022/11/16 21:51:35 <nil>
HadeContainer:make
2022/11/16 21:51:40 <nil>
HadeContainer:make
2022/11/16 21:51:45 <nil>
HadeContainer:make
2022/11/16 21:51:50 <nil>
HadeContainer:make
2022/11/16 21:51:55 <nil>
HadeContainer:make
2022/11/16 21:52:00 <nil>
HadeContainer:make
2022/11/16 21:52:05 <nil>
HadeContainer:make
2022/11/16 21:52:10 <nil>
HadeContainer:make
2022/11/16 21:52:15 <nil>
HadeContainer:make
2022/11/16 21:52:20 <nil>
HadeContainer:make
2022/11/16 21:52:25 <nil>
HadeContainer:make
2022/11/16 21:52:30 <nil>
HadeContainer:make
2022/11/16 21:52:35 <nil>
HadeContainer:make
2022/11/16 21:52:40 <nil>
HadeContainer:make
2022/11/16 21:52:45 <nil>
HadeContainer:make
2022/11/16 21:52:50 <nil>
HadeContainer:make
2022/11/16 21:52:55 <nil>
HadeContainer:make
2022/11/16 21:53:00 <nil>
HadeContainer:make
2022/11/16 21:53:05 <nil>
HadeContainer:make
2022/11/16 21:53:10 <nil>
HadeContainer:make
2022/11/16 21:53:15 <nil>
HadeContainer:make
2022/11/16 21:53:20 <nil>
HadeContainer:make
2022/11/16 21:53:25 <nil>
HadeContainer:make
2022/11/16 21:53:30 <nil>
HadeContainer:make
2022/11/16 21:53:35 <nil>
HadeContainer:make
2022/11/16 21:53:40 <nil>
HadeContainer:make
2022/11/16 21:53:45 <nil>
HadeContainer:make
2022/11/16 21:53:50 <nil>
HadeContainer:make
2022/11/16 21:53:55 <nil>
HadeContainer:make
2022/11/16 21:54:00 <nil>
HadeContainer:make
2022/11/16 21:54:05 <nil>
HadeContainer:make
2022/11/16 21:54:10 <nil>
HadeContainer:make
2022/11/16 21:54:15 <nil>
HadeContainer:make
2022/11/16 21:54:20 <nil>
HadeContainer:make
2022/11/16 21:54:25 <nil>
HadeContainer:make
2022/11/16 21:54:30 <nil>
HadeContainer:make
2022/11/16 21:54:35 <nil>
HadeContainer:make
2022/11/16 21:54:40 <nil>
HadeContainer:make
2022/11/16 21:54:45 <nil>
HadeContainer:make
2022/11/16 21:54:50 <nil>
HadeContainer:make
2022/11/16 21:54:55 <nil>
HadeContainer:make
2022/11/16 21:55:00 <nil>
HadeContainer:make
2022/11/16 21:55:05 <nil>
HadeContainer:make
2022/11/16 21:55:10 <nil>
HadeContainer:make
2022/11/16 21:55:15 <nil>
HadeContainer:make
2022/11/16 21:55:20 <nil>
HadeContainer:make
2022/11/16 21:55:25 <nil>
HadeContainer:make
2022/11/16 21:55:30 <nil>
HadeContainer:make
2022/11/16 21:55:35 <nil>
HadeContainer:make
2022/11/16 21:55:40 <nil>
HadeContainer:make
2022/11/16 21:55:45 <nil>
HadeContainer:make
2022/11/16 21:55:50 <nil>
HadeContainer:make
2022/11/16 21:55:55 <nil>
HadeContainer:make
2022/11/16 21:56:00 <nil>
HadeContainer:make
2022/11/16 21:56:05 <nil>
HadeContainer:make
2022/11/16 21:56:10 <nil>
HadeContainer:make
2022/11/16 21:56:15 <nil>
HadeContainer:make
2022/11/16 21:56:20 <nil>
daemon started
2022/11/16 21:56:40 <nil>
2022/11/16 21:56:45 <nil>
2022/11/16 21:56:50 <nil>
2022/11/16 21:56:55 <nil>
2022/11/16 21:57:00 <nil>
2022/11/16 21:57:05 <nil>
2022/11/16 21:57:10 <nil>
2022/11/16 21:57:15 <nil>
2022/11/16 21:57:20 <nil>
2022/11/16 21:57:25 <nil>
2022/11/16 21:57:30 <nil>
2022/11/16 21:57:35 <nil>
2022/11/16 21:57:40 <nil>
2022/11/16 21:57:45 <nil>
2022/11/16 21:57:50 <nil>
2022/11/16 21:57:55 <nil>
2022/11/16 21:58:00 <nil>
